{"/Users/peliculas/empresariales/lambda-bookings/src/config/db-config.js": {"path":"/Users/peliculas/empresariales/lambda-bookings/src/config/db-config.js","statementMap":{"0":{"start":{"line":1,"column":14},"end":{"line":1,"column":31}},"1":{"start":{"line":3,"column":13},"end":{"line":8,"column":2}},"2":{"start":{"line":10,"column":0},"end":{"line":10,"column":22}}},"fnMap":{},"branchMap":{},"s":{"0":1,"1":1,"2":1},"f":{},"b":{},"_coverageSchema":"1a1c01bbd47fc00a2c39e90264f33305004495a9","hash":"18535ba4ac53ee78ac5286c4c09d013406c45af2"}
,"/Users/peliculas/empresariales/lambda-bookings/src/dao/get-user-bookings-dao.js": {"path":"/Users/peliculas/empresariales/lambda-bookings/src/dao/get-user-bookings-dao.js","statementMap":{"0":{"start":{"line":1,"column":15},"end":{"line":1,"column":32}},"1":{"start":{"line":3,"column":13},"end":{"line":3,"column":43}},"2":{"start":{"line":4,"column":22},"end":{"line":4,"column":57}},"3":{"start":{"line":6,"column":27},"end":{"line":60,"column":1}},"4":{"start":{"line":7,"column":22},"end":{"line":7,"column":36}},"5":{"start":{"line":12,"column":2},"end":{"line":57,"column":3}},"6":{"start":{"line":13,"column":4},"end":{"line":13,"column":51}},"7":{"start":{"line":15,"column":4},"end":{"line":24,"column":6}},"8":{"start":{"line":26,"column":4},"end":{"line":49,"column":5}},"9":{"start":{"line":27,"column":6},"end":{"line":27,"column":63}},"10":{"start":{"line":28,"column":6},"end":{"line":28,"column":65}},"11":{"start":{"line":30,"column":25},"end":{"line":36,"column":7}},"12":{"start":{"line":38,"column":6},"end":{"line":38,"column":34}},"13":{"start":{"line":40,"column":23},"end":{"line":45,"column":7}},"14":{"start":{"line":47,"column":6},"end":{"line":47,"column":30}},"15":{"start":{"line":48,"column":6},"end":{"line":48,"column":28}},"16":{"start":{"line":51,"column":4},"end":{"line":51,"column":25}},"17":{"start":{"line":53,"column":4},"end":{"line":55,"column":5}},"18":{"start":{"line":54,"column":6},"end":{"line":54,"column":27}},"19":{"start":{"line":56,"column":4},"end":{"line":56,"column":35}},"20":{"start":{"line":59,"column":2},"end":{"line":59,"column":23}},"21":{"start":{"line":62,"column":0},"end":{"line":62,"column":36}}},"fnMap":{"0":{"name":"(anonymous_0)","decl":{"start":{"line":6,"column":27},"end":{"line":6,"column":28}},"loc":{"start":{"line":6,"column":48},"end":{"line":60,"column":1}},"line":6}},"branchMap":{"0":{"loc":{"start":{"line":53,"column":4},"end":{"line":55,"column":5}},"type":"if","locations":[{"start":{"line":53,"column":4},"end":{"line":55,"column":5}},{"start":{"line":53,"column":4},"end":{"line":55,"column":5}}],"line":53},"1":{"loc":{"start":{"line":59,"column":9},"end":{"line":59,"column":22}},"type":"binary-expr","locations":[{"start":{"line":59,"column":9},"end":{"line":59,"column":14}},{"start":{"line":59,"column":18},"end":{"line":59,"column":22}}],"line":59}},"s":{"0":1,"1":1,"2":1,"3":1,"4":1,"5":1,"6":1,"7":0,"8":0,"9":0,"10":0,"11":0,"12":0,"13":0,"14":0,"15":0,"16":0,"17":1,"18":0,"19":1,"20":0,"21":1},"f":{"0":1},"b":{"0":[0,1],"1":[0,0]},"_coverageSchema":"1a1c01bbd47fc00a2c39e90264f33305004495a9","hash":"1a4b6be88a600e28e15f724d12edfcb65e8a9ca4"}
,"/Users/peliculas/empresariales/lambda-bookings/src/errors/database-error.js": {"path":"/Users/peliculas/empresariales/lambda-bookings/src/errors/database-error.js","statementMap":{"0":{"start":{"line":3,"column":4},"end":{"line":3,"column":36}},"1":{"start":{"line":4,"column":4},"end":{"line":4,"column":32}},"2":{"start":{"line":5,"column":4},"end":{"line":5,"column":31}},"3":{"start":{"line":6,"column":4},"end":{"line":6,"column":22}},"4":{"start":{"line":8,"column":4},"end":{"line":8,"column":31}},"5":{"start":{"line":12,"column":4},"end":{"line":16,"column":6}},"6":{"start":{"line":20,"column":0},"end":{"line":20,"column":31}}},"fnMap":{"0":{"name":"(anonymous_0)","decl":{"start":{"line":2,"column":2},"end":{"line":2,"column":3}},"loc":{"start":{"line":2,"column":21},"end":{"line":9,"column":3}},"line":2},"1":{"name":"(anonymous_1)","decl":{"start":{"line":11,"column":2},"end":{"line":11,"column":3}},"loc":{"start":{"line":11,"column":13},"end":{"line":17,"column":3}},"line":11}},"branchMap":{},"s":{"0":1,"1":1,"2":1,"3":1,"4":1,"5":0,"6":1},"f":{"0":1,"1":0},"b":{},"_coverageSchema":"1a1c01bbd47fc00a2c39e90264f33305004495a9","hash":"73fd67650b94790297e12e1435f1088fa5f46a30"}
,"/Users/peliculas/empresariales/lambda-bookings/src/errors/property-required-error.js": {"path":"/Users/peliculas/empresariales/lambda-bookings/src/errors/property-required-error.js","statementMap":{"0":{"start":{"line":3,"column":4},"end":{"line":3,"column":65}},"1":{"start":{"line":4,"column":4},"end":{"line":4,"column":40}},"2":{"start":{"line":5,"column":4},"end":{"line":5,"column":61}},"3":{"start":{"line":6,"column":4},"end":{"line":6,"column":22}},"4":{"start":{"line":8,"column":4},"end":{"line":8,"column":31}},"5":{"start":{"line":12,"column":4},"end":{"line":16,"column":6}},"6":{"start":{"line":20,"column":0},"end":{"line":20,"column":39}}},"fnMap":{"0":{"name":"(anonymous_0)","decl":{"start":{"line":2,"column":2},"end":{"line":2,"column":3}},"loc":{"start":{"line":2,"column":24},"end":{"line":9,"column":3}},"line":2},"1":{"name":"(anonymous_1)","decl":{"start":{"line":11,"column":2},"end":{"line":11,"column":3}},"loc":{"start":{"line":11,"column":13},"end":{"line":17,"column":3}},"line":11}},"branchMap":{},"s":{"0":0,"1":0,"2":0,"3":0,"4":0,"5":0,"6":1},"f":{"0":0,"1":0},"b":{},"_coverageSchema":"1a1c01bbd47fc00a2c39e90264f33305004495a9","hash":"ed5243ecd4d39fd5afa859dfc9af1f3eea897b00"}
,"/Users/peliculas/empresariales/lambda-bookings/src/mock/mock-data.js": {"path":"/Users/peliculas/empresariales/lambda-bookings/src/mock/mock-data.js","statementMap":{"0":{"start":{"line":1,"column":19},"end":{"line":1,"column":45}},"1":{"start":{"line":3,"column":26},"end":{"line":10,"column":1}},"2":{"start":{"line":12,"column":25},"end":{"line":19,"column":1}},"3":{"start":{"line":21,"column":25},"end":{"line":36,"column":1}},"4":{"start":{"line":38,"column":14},"end":{"line":38,"column":23}},"5":{"start":{"line":39,"column":16},"end":{"line":39,"column":25}},"6":{"start":{"line":40,"column":13},"end":{"line":40,"column":22}},"7":{"start":{"line":42,"column":24},"end":{"line":57,"column":1}},"8":{"start":{"line":43,"column":8},"end":{"line":43,"column":48}},"9":{"start":{"line":45,"column":4},"end":{"line":45,"column":29}},"10":{"start":{"line":46,"column":4},"end":{"line":55,"column":6}},"11":{"start":{"line":47,"column":12},"end":{"line":47,"column":51}},"12":{"start":{"line":49,"column":8},"end":{"line":53,"column":11}},"13":{"start":{"line":49,"column":25},"end":{"line":49,"column":55}},"14":{"start":{"line":50,"column":26},"end":{"line":52,"column":11}},"15":{"start":{"line":51,"column":30},"end":{"line":51,"column":65}},"16":{"start":{"line":59,"column":0},"end":{"line":67,"column":2}}},"fnMap":{"0":{"name":"(anonymous_0)","decl":{"start":{"line":43,"column":2},"end":{"line":43,"column":3}},"loc":{"start":{"line":43,"column":8},"end":{"line":43,"column":48}},"line":43},"1":{"name":"(anonymous_1)","decl":{"start":{"line":44,"column":2},"end":{"line":44,"column":3}},"loc":{"start":{"line":44,"column":8},"end":{"line":56,"column":3}},"line":44},"2":{"name":"(anonymous_2)","decl":{"start":{"line":47,"column":6},"end":{"line":47,"column":7}},"loc":{"start":{"line":47,"column":12},"end":{"line":47,"column":51}},"line":47},"3":{"name":"(anonymous_3)","decl":{"start":{"line":48,"column":6},"end":{"line":48,"column":7}},"loc":{"start":{"line":48,"column":12},"end":{"line":54,"column":7}},"line":48},"4":{"name":"(anonymous_4)","decl":{"start":{"line":49,"column":19},"end":{"line":49,"column":20}},"loc":{"start":{"line":49,"column":25},"end":{"line":49,"column":55}},"line":49},"5":{"name":"(anonymous_5)","decl":{"start":{"line":50,"column":19},"end":{"line":50,"column":20}},"loc":{"start":{"line":50,"column":26},"end":{"line":52,"column":11}},"line":50},"6":{"name":"(anonymous_6)","decl":{"start":{"line":51,"column":24},"end":{"line":51,"column":25}},"loc":{"start":{"line":51,"column":30},"end":{"line":51,"column":65}},"line":51}},"branchMap":{},"s":{"0":1,"1":1,"2":1,"3":1,"4":1,"5":1,"6":1,"7":1,"8":1,"9":1,"10":1,"11":1,"12":0,"13":0,"14":0,"15":0,"16":1},"f":{"0":1,"1":1,"2":1,"3":0,"4":0,"5":0,"6":0},"b":{},"_coverageSchema":"1a1c01bbd47fc00a2c39e90264f33305004495a9","hash":"fd5acad10345b6f9c9b485b4c9019d7c6151aa6e"}
,"/Users/peliculas/empresariales/lambda-bookings/src/services/get-user-bookings.js": {"path":"/Users/peliculas/empresariales/lambda-bookings/src/services/get-user-bookings.js","statementMap":{"0":{"start":{"line":1,"column":29},"end":{"line":1,"column":73}},"1":{"start":{"line":2,"column":27},"end":{"line":2,"column":66}},"2":{"start":{"line":4,"column":24},"end":{"line":23,"column":1}},"3":{"start":{"line":5,"column":2},"end":{"line":22,"column":3}},"4":{"start":{"line":6,"column":4},"end":{"line":6,"column":21}},"5":{"start":{"line":7,"column":22},"end":{"line":7,"column":43}},"6":{"start":{"line":9,"column":4},"end":{"line":11,"column":5}},"7":{"start":{"line":10,"column":6},"end":{"line":10,"column":43}},"8":{"start":{"line":13,"column":21},"end":{"line":13,"column":56}},"9":{"start":{"line":15,"column":4},"end":{"line":19,"column":5}},"10":{"start":{"line":16,"column":6},"end":{"line":16,"column":37}},"11":{"start":{"line":18,"column":6},"end":{"line":18,"column":29}},"12":{"start":{"line":21,"column":4},"end":{"line":21,"column":32}},"13":{"start":{"line":25,"column":0},"end":{"line":25,"column":33}}},"fnMap":{"0":{"name":"(anonymous_0)","decl":{"start":{"line":4,"column":24},"end":{"line":4,"column":25}},"loc":{"start":{"line":4,"column":50},"end":{"line":23,"column":1}},"line":4}},"branchMap":{"0":{"loc":{"start":{"line":7,"column":22},"end":{"line":7,"column":43}},"type":"binary-expr","locations":[{"start":{"line":7,"column":22},"end":{"line":7,"column":35}},{"start":{"line":7,"column":39},"end":{"line":7,"column":43}}],"line":7},"1":{"loc":{"start":{"line":9,"column":4},"end":{"line":11,"column":5}},"type":"if","locations":[{"start":{"line":9,"column":4},"end":{"line":11,"column":5}},{"start":{"line":9,"column":4},"end":{"line":11,"column":5}}],"line":9},"2":{"loc":{"start":{"line":15,"column":4},"end":{"line":19,"column":5}},"type":"if","locations":[{"start":{"line":15,"column":4},"end":{"line":19,"column":5}},{"start":{"line":15,"column":4},"end":{"line":19,"column":5}}],"line":15}},"s":{"0":1,"1":1,"2":1,"3":1,"4":1,"5":1,"6":1,"7":0,"8":1,"9":0,"10":0,"11":0,"12":1,"13":1},"f":{"0":1},"b":{"0":[1,0],"1":[0,1],"2":[0,0]},"_coverageSchema":"1a1c01bbd47fc00a2c39e90264f33305004495a9","hash":"0891f11dbeae2b4dee5b6822f0d2be0235e9e33b"}
}
